[0.132s] DEBUG:colcon:Command line arguments: ['/usr/bin/colcon', 'build']
[0.132s] DEBUG:colcon:Parsed command line arguments: Namespace(allow_overriding=[], ament_cmake_args=None, base_paths=['.'], build_base='build', catkin_cmake_args=None, catkin_skip_building_tests=False, cmake_args=None, cmake_clean_cache=False, cmake_clean_first=False, cmake_force_configure=False, cmake_target=None, cmake_target_skip_unavailable=False, continue_on_error=False, event_handlers=None, executor='parallel', ignore_user_meta=False, install_base='install', log_base=None, log_level=None, main=<bound method BuildVerb.main of <colcon_core.verb.build.BuildVerb object at 0x7fcc24e1d0a0>>, merge_install=False, metas=['./colcon.meta'], packages_above=None, packages_above_and_dependencies=None, packages_above_depth=None, packages_end=None, packages_ignore=None, packages_ignore_regex=None, packages_select=None, packages_select_build_failed=False, packages_select_by_dep=None, packages_select_regex=None, packages_select_test_failures=False, packages_skip=None, packages_skip_build_finished=False, packages_skip_by_dep=None, packages_skip_regex=None, packages_skip_test_passed=False, packages_skip_up_to=None, packages_start=None, packages_up_to=None, packages_up_to_regex=None, parallel_workers=28, paths=None, symlink_install=False, test_result_base=None, verb_extension=<colcon_core.verb.build.BuildVerb object at 0x7fcc24e1d0a0>, verb_name='build', verb_parser=<colcon_defaults.argument_parser.defaults.DefaultArgumentsDecorator object at 0x7fcc24e1d550>)
[0.232s] Level 1:colcon.colcon_core.package_discovery:discover_packages(colcon_meta) check parameters
[0.232s] Level 1:colcon.colcon_core.package_discovery:discover_packages(recursive) check parameters
[0.232s] Level 1:colcon.colcon_core.package_discovery:discover_packages(ignore) check parameters
[0.232s] Level 1:colcon.colcon_core.package_discovery:discover_packages(path) check parameters
[0.232s] Level 1:colcon.colcon_core.package_discovery:discover_packages(colcon_meta) discover
[0.233s] Level 1:colcon.colcon_core.package_discovery:discover_packages(recursive) discover
[0.233s] INFO:colcon.colcon_core.package_discovery:Crawling recursively for packages in '/ORB_SLAM3/Examples/ros2_ws/src/orb_slam3_ros2'
[0.233s] Level 1:colcon.colcon_core.package_identification:_identify(.) by extensions ['ignore', 'ignore_ament_install']
[0.233s] Level 1:colcon.colcon_core.package_identification:_identify(.) by extension 'ignore'
[0.233s] Level 1:colcon.colcon_core.package_identification:_identify(.) by extension 'ignore_ament_install'
[0.233s] Level 1:colcon.colcon_core.package_identification:_identify(.) by extensions ['colcon_pkg']
[0.233s] Level 1:colcon.colcon_core.package_identification:_identify(.) by extension 'colcon_pkg'
[0.233s] Level 1:colcon.colcon_core.package_identification:_identify(.) by extensions ['colcon_meta']
[0.233s] Level 1:colcon.colcon_core.package_identification:_identify(.) by extension 'colcon_meta'
[0.233s] Level 1:colcon.colcon_core.package_identification:_identify(.) by extensions ['ros']
[0.233s] Level 1:colcon.colcon_core.package_identification:_identify(.) by extension 'ros'
[0.243s] DEBUG:colcon.colcon_core.package_identification:Package '.' with type 'ros.ament_cmake' and name 'orb_slam3_ros2'
[0.243s] Level 1:colcon.colcon_core.package_discovery:discover_packages(recursive) using defaults
[0.243s] Level 1:colcon.colcon_core.package_discovery:discover_packages(ignore) discover
[0.243s] Level 1:colcon.colcon_core.package_discovery:discover_packages(ignore) using defaults
[0.243s] Level 1:colcon.colcon_core.package_discovery:discover_packages(path) discover
[0.243s] Level 1:colcon.colcon_core.package_discovery:discover_packages(path) using defaults
[0.255s] Level 1:colcon.colcon_core.package_discovery:discover_packages(prefix_path) check parameters
[0.255s] Level 1:colcon.colcon_core.package_discovery:discover_packages(prefix_path) discover
[0.256s] WARNING:colcon.colcon_ros.prefix_path.ament:The path '/ORB_SLAM3/Examples/ros2_ws/src/orb_slam3_ros2/install/orb_slam3_ros2' in the environment variable AMENT_PREFIX_PATH doesn't exist
[0.256s] WARNING:colcon.colcon_ros.prefix_path.catkin:The path '/ORB_SLAM3/Examples/ros2_ws/src/orb_slam3_ros2/install/orb_slam3_ros2' in the environment variable CMAKE_PREFIX_PATH doesn't exist
[0.257s] DEBUG:colcon.colcon_installed_package_information.package_discovery:Found 0 installed packages in /ORB_SLAM3/Examples/ros2_ws/src/orb_slam3_ros2/install
[0.257s] DEBUG:colcon.colcon_installed_package_information.package_discovery:Found 1 installed packages in /ORB_SLAM3/Examples/ros2_ws/install
[0.258s] DEBUG:colcon.colcon_installed_package_information.package_discovery:Found 256 installed packages in /opt/ros/foxy
[0.259s] Level 1:colcon.colcon_core.package_discovery:discover_packages(prefix_path) using defaults
[0.308s] Level 5:colcon.colcon_core.verb:set package 'orb_slam3_ros2' build argument 'cmake_args' from command line to 'None'
[0.308s] Level 5:colcon.colcon_core.verb:set package 'orb_slam3_ros2' build argument 'cmake_target' from command line to 'None'
[0.308s] Level 5:colcon.colcon_core.verb:set package 'orb_slam3_ros2' build argument 'cmake_target_skip_unavailable' from command line to 'False'
[0.308s] Level 5:colcon.colcon_core.verb:set package 'orb_slam3_ros2' build argument 'cmake_clean_cache' from command line to 'False'
[0.308s] Level 5:colcon.colcon_core.verb:set package 'orb_slam3_ros2' build argument 'cmake_clean_first' from command line to 'False'
[0.308s] Level 5:colcon.colcon_core.verb:set package 'orb_slam3_ros2' build argument 'cmake_force_configure' from command line to 'False'
[0.308s] Level 5:colcon.colcon_core.verb:set package 'orb_slam3_ros2' build argument 'ament_cmake_args' from command line to 'None'
[0.308s] Level 5:colcon.colcon_core.verb:set package 'orb_slam3_ros2' build argument 'catkin_cmake_args' from command line to 'None'
[0.308s] Level 5:colcon.colcon_core.verb:set package 'orb_slam3_ros2' build argument 'catkin_skip_building_tests' from command line to 'False'
[0.308s] DEBUG:colcon.colcon_core.verb:Building package 'orb_slam3_ros2' with the following arguments: {'ament_cmake_args': None, 'build_base': '/ORB_SLAM3/Examples/ros2_ws/src/orb_slam3_ros2/build/orb_slam3_ros2', 'catkin_cmake_args': None, 'catkin_skip_building_tests': False, 'cmake_args': None, 'cmake_clean_cache': False, 'cmake_clean_first': False, 'cmake_force_configure': False, 'cmake_target': None, 'cmake_target_skip_unavailable': False, 'install_base': '/ORB_SLAM3/Examples/ros2_ws/src/orb_slam3_ros2/install/orb_slam3_ros2', 'merge_install': False, 'path': '/ORB_SLAM3/Examples/ros2_ws/src/orb_slam3_ros2', 'symlink_install': False, 'test_result_base': None}
[0.308s] INFO:colcon.colcon_core.executor:Executing jobs using 'parallel' executor
[0.309s] DEBUG:colcon.colcon_parallel_executor.executor.parallel:run_until_complete
[0.309s] INFO:colcon.colcon_ros.task.ament_cmake.build:Building ROS package in '/ORB_SLAM3/Examples/ros2_ws/src/orb_slam3_ros2' with build type 'ament_cmake'
[0.309s] INFO:colcon.colcon_cmake.task.cmake.build:Building CMake package in '/ORB_SLAM3/Examples/ros2_ws/src/orb_slam3_ros2'
[0.310s] INFO:colcon.colcon_core.plugin_system:Skipping extension 'colcon_core.shell.bat': Not used on non-Windows systems
[0.310s] INFO:colcon.colcon_core.shell:Skip shell extension 'powershell' for command environment: Not usable outside of PowerShell
[0.311s] DEBUG:colcon.colcon_core.shell:Skip shell extension 'dsv' for command environment
[0.319s] DEBUG:colcon.colcon_core.event_handler.log_command:Invoking command in '/ORB_SLAM3/Examples/ros2_ws/src/orb_slam3_ros2/build/orb_slam3_ros2': CMAKE_PREFIX_PATH=${CMAKE_PREFIX_PATH}:/opt/ros/foxy /usr/bin/cmake --build /ORB_SLAM3/Examples/ros2_ws/src/orb_slam3_ros2/build/orb_slam3_ros2 -- -j28 -l28
[0.383s] DEBUG:colcon.colcon_core.event_handler.log_command:Invoked command in '/ORB_SLAM3/Examples/ros2_ws/src/orb_slam3_ros2/build/orb_slam3_ros2' returned '0': CMAKE_PREFIX_PATH=${CMAKE_PREFIX_PATH}:/opt/ros/foxy /usr/bin/cmake --build /ORB_SLAM3/Examples/ros2_ws/src/orb_slam3_ros2/build/orb_slam3_ros2 -- -j28 -l28
[0.424s] DEBUG:colcon.colcon_core.event_handler.log_command:Invoking command in '/ORB_SLAM3/Examples/ros2_ws/src/orb_slam3_ros2/build/orb_slam3_ros2': CMAKE_PREFIX_PATH=${CMAKE_PREFIX_PATH}:/opt/ros/foxy /usr/bin/cmake --install /ORB_SLAM3/Examples/ros2_ws/src/orb_slam3_ros2/build/orb_slam3_ros2
[0.440s] Level 1:colcon.colcon_core.environment:create_environment_scripts_only(orb_slam3_ros2)
[0.440s] DEBUG:colcon.colcon_core.event_handler.log_command:Invoked command in '/ORB_SLAM3/Examples/ros2_ws/src/orb_slam3_ros2/build/orb_slam3_ros2' returned '0': CMAKE_PREFIX_PATH=${CMAKE_PREFIX_PATH}:/opt/ros/foxy /usr/bin/cmake --install /ORB_SLAM3/Examples/ros2_ws/src/orb_slam3_ros2/build/orb_slam3_ros2
[0.442s] Level 1:colcon.colcon_core.environment:checking '/ORB_SLAM3/Examples/ros2_ws/src/orb_slam3_ros2/install/orb_slam3_ros2' for CMake module files
[0.442s] Level 1:colcon.colcon_core.environment:checking '/ORB_SLAM3/Examples/ros2_ws/src/orb_slam3_ros2/install/orb_slam3_ros2' for CMake config files
[0.443s] Level 1:colcon.colcon_core.shell:create_environment_hook('orb_slam3_ros2', 'cmake_prefix_path')
[0.443s] INFO:colcon.colcon_core.shell:Creating environment hook '/ORB_SLAM3/Examples/ros2_ws/src/orb_slam3_ros2/install/orb_slam3_ros2/share/orb_slam3_ros2/hook/cmake_prefix_path.ps1'
[0.444s] INFO:colcon.colcon_core.shell:Creating environment descriptor '/ORB_SLAM3/Examples/ros2_ws/src/orb_slam3_ros2/install/orb_slam3_ros2/share/orb_slam3_ros2/hook/cmake_prefix_path.dsv'
[0.444s] INFO:colcon.colcon_core.shell:Creating environment hook '/ORB_SLAM3/Examples/ros2_ws/src/orb_slam3_ros2/install/orb_slam3_ros2/share/orb_slam3_ros2/hook/cmake_prefix_path.sh'
[0.445s] Level 1:colcon.colcon_core.environment:checking '/ORB_SLAM3/Examples/ros2_ws/src/orb_slam3_ros2/install/orb_slam3_ros2/lib'
[0.445s] Level 1:colcon.colcon_core.environment:checking '/ORB_SLAM3/Examples/ros2_ws/src/orb_slam3_ros2/install/orb_slam3_ros2/bin'
[0.445s] Level 1:colcon.colcon_core.environment:checking '/ORB_SLAM3/Examples/ros2_ws/src/orb_slam3_ros2/install/orb_slam3_ros2/lib/pkgconfig/orb_slam3_ros2.pc'
[0.445s] Level 1:colcon.colcon_core.environment:checking '/ORB_SLAM3/Examples/ros2_ws/src/orb_slam3_ros2/install/orb_slam3_ros2/lib/python3.8/site-packages'
[0.446s] Level 1:colcon.colcon_core.environment:checking '/ORB_SLAM3/Examples/ros2_ws/src/orb_slam3_ros2/install/orb_slam3_ros2/bin'
[0.446s] INFO:colcon.colcon_core.shell:Creating package script '/ORB_SLAM3/Examples/ros2_ws/src/orb_slam3_ros2/install/orb_slam3_ros2/share/orb_slam3_ros2/package.ps1'
[0.447s] INFO:colcon.colcon_core.shell:Creating package descriptor '/ORB_SLAM3/Examples/ros2_ws/src/orb_slam3_ros2/install/orb_slam3_ros2/share/orb_slam3_ros2/package.dsv'
[0.448s] INFO:colcon.colcon_core.shell:Creating package script '/ORB_SLAM3/Examples/ros2_ws/src/orb_slam3_ros2/install/orb_slam3_ros2/share/orb_slam3_ros2/package.sh'
[0.449s] INFO:colcon.colcon_core.shell:Creating package script '/ORB_SLAM3/Examples/ros2_ws/src/orb_slam3_ros2/install/orb_slam3_ros2/share/orb_slam3_ros2/package.bash'
[0.449s] INFO:colcon.colcon_core.shell:Creating package script '/ORB_SLAM3/Examples/ros2_ws/src/orb_slam3_ros2/install/orb_slam3_ros2/share/orb_slam3_ros2/package.zsh'
[0.450s] Level 1:colcon.colcon_core.environment:create_file_with_runtime_dependencies(/ORB_SLAM3/Examples/ros2_ws/src/orb_slam3_ros2/install/orb_slam3_ros2/share/colcon-core/packages/orb_slam3_ros2)
[0.473s] Level 1:colcon.colcon_core.environment:create_environment_scripts_only(orb_slam3_ros2)
[0.474s] Level 1:colcon.colcon_core.environment:checking '/ORB_SLAM3/Examples/ros2_ws/src/orb_slam3_ros2/install/orb_slam3_ros2' for CMake module files
[0.475s] Level 1:colcon.colcon_core.environment:checking '/ORB_SLAM3/Examples/ros2_ws/src/orb_slam3_ros2/install/orb_slam3_ros2' for CMake config files
[0.476s] Level 1:colcon.colcon_core.shell:create_environment_hook('orb_slam3_ros2', 'cmake_prefix_path')
[0.477s] INFO:colcon.colcon_core.shell:Creating environment hook '/ORB_SLAM3/Examples/ros2_ws/src/orb_slam3_ros2/install/orb_slam3_ros2/share/orb_slam3_ros2/hook/cmake_prefix_path.ps1'
[0.478s] INFO:colcon.colcon_core.shell:Creating environment descriptor '/ORB_SLAM3/Examples/ros2_ws/src/orb_slam3_ros2/install/orb_slam3_ros2/share/orb_slam3_ros2/hook/cmake_prefix_path.dsv'
[0.479s] INFO:colcon.colcon_core.shell:Creating environment hook '/ORB_SLAM3/Examples/ros2_ws/src/orb_slam3_ros2/install/orb_slam3_ros2/share/orb_slam3_ros2/hook/cmake_prefix_path.sh'
[0.480s] Level 1:colcon.colcon_core.environment:checking '/ORB_SLAM3/Examples/ros2_ws/src/orb_slam3_ros2/install/orb_slam3_ros2/lib'
[0.480s] Level 1:colcon.colcon_core.environment:checking '/ORB_SLAM3/Examples/ros2_ws/src/orb_slam3_ros2/install/orb_slam3_ros2/bin'
[0.481s] Level 1:colcon.colcon_core.environment:checking '/ORB_SLAM3/Examples/ros2_ws/src/orb_slam3_ros2/install/orb_slam3_ros2/lib/pkgconfig/orb_slam3_ros2.pc'
[0.481s] Level 1:colcon.colcon_core.environment:checking '/ORB_SLAM3/Examples/ros2_ws/src/orb_slam3_ros2/install/orb_slam3_ros2/lib/python3.8/site-packages'
[0.482s] Level 1:colcon.colcon_core.environment:checking '/ORB_SLAM3/Examples/ros2_ws/src/orb_slam3_ros2/install/orb_slam3_ros2/bin'
[0.482s] INFO:colcon.colcon_core.shell:Creating package script '/ORB_SLAM3/Examples/ros2_ws/src/orb_slam3_ros2/install/orb_slam3_ros2/share/orb_slam3_ros2/package.ps1'
[0.484s] INFO:colcon.colcon_core.shell:Creating package descriptor '/ORB_SLAM3/Examples/ros2_ws/src/orb_slam3_ros2/install/orb_slam3_ros2/share/orb_slam3_ros2/package.dsv'
[0.485s] INFO:colcon.colcon_core.shell:Creating package script '/ORB_SLAM3/Examples/ros2_ws/src/orb_slam3_ros2/install/orb_slam3_ros2/share/orb_slam3_ros2/package.sh'
[0.485s] INFO:colcon.colcon_core.shell:Creating package script '/ORB_SLAM3/Examples/ros2_ws/src/orb_slam3_ros2/install/orb_slam3_ros2/share/orb_slam3_ros2/package.bash'
[0.486s] INFO:colcon.colcon_core.shell:Creating package script '/ORB_SLAM3/Examples/ros2_ws/src/orb_slam3_ros2/install/orb_slam3_ros2/share/orb_slam3_ros2/package.zsh'
[0.486s] Level 1:colcon.colcon_core.environment:create_file_with_runtime_dependencies(/ORB_SLAM3/Examples/ros2_ws/src/orb_slam3_ros2/install/orb_slam3_ros2/share/colcon-core/packages/orb_slam3_ros2)
[0.487s] DEBUG:colcon.colcon_parallel_executor.executor.parallel:closing loop
[0.487s] DEBUG:colcon.colcon_parallel_executor.executor.parallel:loop closed
[0.487s] DEBUG:colcon.colcon_parallel_executor.executor.parallel:run_until_complete finished with '0'
[0.487s] DEBUG:colcon.colcon_core.event_reactor:joining thread
[0.496s] INFO:colcon.colcon_core.plugin_system:Skipping extension 'colcon_notification.desktop_notification.notify_send': Could not find 'notify-send'
[0.497s] INFO:colcon.colcon_core.plugin_system:Skipping extension 'colcon_notification.desktop_notification.terminal_notifier': Not used on non-Darwin systems
[0.497s] INFO:colcon.colcon_core.plugin_system:Skipping extension 'colcon_notification.desktop_notification.win32': Not used on non-Windows systems
[0.497s] INFO:colcon.colcon_notification.desktop_notification:Sending desktop notification using 'notify2'
[0.505s] DEBUG:colcon.colcon_notification.desktop_notification.notify2:Failed to initialize notify2: org.freedesktop.DBus.Error.ServiceUnknown: The name org.freedesktop.Notifications was not provided by any .service files
[0.505s] DEBUG:colcon.colcon_core.event_reactor:joined thread
[0.506s] INFO:colcon.colcon_core.shell:Creating prefix script '/ORB_SLAM3/Examples/ros2_ws/src/orb_slam3_ros2/install/local_setup.ps1'
[0.508s] INFO:colcon.colcon_core.shell:Creating prefix util module '/ORB_SLAM3/Examples/ros2_ws/src/orb_slam3_ros2/install/_local_setup_util_ps1.py'
[0.510s] INFO:colcon.colcon_core.shell:Creating prefix chain script '/ORB_SLAM3/Examples/ros2_ws/src/orb_slam3_ros2/install/setup.ps1'
[0.511s] INFO:colcon.colcon_core.shell:Creating prefix script '/ORB_SLAM3/Examples/ros2_ws/src/orb_slam3_ros2/install/local_setup.sh'
[0.512s] INFO:colcon.colcon_core.shell:Creating prefix util module '/ORB_SLAM3/Examples/ros2_ws/src/orb_slam3_ros2/install/_local_setup_util_sh.py'
[0.513s] INFO:colcon.colcon_core.shell:Creating prefix chain script '/ORB_SLAM3/Examples/ros2_ws/src/orb_slam3_ros2/install/setup.sh'
[0.514s] INFO:colcon.colcon_core.shell:Creating prefix script '/ORB_SLAM3/Examples/ros2_ws/src/orb_slam3_ros2/install/local_setup.bash'
[0.514s] INFO:colcon.colcon_core.shell:Creating prefix chain script '/ORB_SLAM3/Examples/ros2_ws/src/orb_slam3_ros2/install/setup.bash'
[0.515s] INFO:colcon.colcon_core.shell:Creating prefix script '/ORB_SLAM3/Examples/ros2_ws/src/orb_slam3_ros2/install/local_setup.zsh'
[0.515s] INFO:colcon.colcon_core.shell:Creating prefix chain script '/ORB_SLAM3/Examples/ros2_ws/src/orb_slam3_ros2/install/setup.zsh'
